<?xml version="1.0" encoding="UTF-8"?>
<!-- Generated by org.testng.reporters.JUnitReportReporter -->
<testsuite hostname="DESKTOP-10QAI0L" failures="0" tests="1" name="org.testvagrant.ImdbHomePageToFetchMovie" time="55.271" errors="0" timestamp="2022-10-13T19:50:20 IST" skipped="0">
  <testcase classname="org.testvagrant.ImdbHomePageToFetchMovie" name="imdbPushpaMovie" time="55.271"/>
  <system-out/>
</testsuite> <!-- org.testvagrant.ImdbHomePageToFetchMovie -->
