<?xml version="1.0" encoding="UTF-8"?>
<!-- Generated by org.testng.reporters.JUnitReportReporter -->
<testsuite hostname="DESKTOP-10QAI0L" failures="0" tests="1" name="org.testvagrant.objectrepositories.WikiPageToFetchMovie" time="20.605" errors="0" timestamp="2022-10-12T19:36:06 IST" skipped="0">
  <testcase classname="org.testvagrant.objectrepositories.WikiPageToFetchMovie" name="wikiHomePage" time="20.605"/>
  <system-out/>
</testsuite> <!-- org.testvagrant.objectrepositories.WikiPageToFetchMovie -->
